TN:
SF:src/domain/event/@shared/event-dispatcher.ts
FN:8,<instance_members_initializer>
FN:10,get getEventHandlers
FN:14,register
FN:24,unregister
FN:33,unregisterAll
FN:37,notify
FNF:6
FNH:6
FNDA:5,<instance_members_initializer>
FNDA:21,get getEventHandlers
FNDA:10,register
FNDA:2,unregister
FNDA:1,unregisterAll
FNDA:1,notify
DA:1,1
DA:2,1
DA:3,1
DA:4,1
DA:5,1
DA:6,1
DA:7,1
DA:8,1
DA:9,1
DA:10,1
DA:11,21
DA:12,21
DA:13,1
DA:14,1
DA:15,10
DA:16,10
DA:17,5
DA:18,5
DA:19,10
DA:20,10
DA:21,10
DA:22,10
DA:23,1
DA:24,1
DA:25,2
DA:26,2
DA:27,2
DA:28,2
DA:29,2
DA:30,2
DA:31,2
DA:32,1
DA:33,1
DA:34,1
DA:35,1
DA:36,1
DA:37,1
DA:38,1
DA:39,1
DA:40,1
DA:41,1
DA:42,1
DA:43,1
DA:44,1
DA:45,2
DA:46,1
DA:47,1
DA:48,1
DA:49,1
DA:50,1
LF:50
LH:50
BRDA:8,0,0,5
BRDA:10,1,0,21
BRDA:14,2,0,10
BRDA:16,3,0,5
BRDA:24,4,0,2
BRDA:33,5,0,1
BRDA:37,6,0,1
BRDA:44,7,0,2
BRF:8
BRH:8
end_of_record
TN:
SF:src/domain/event/customer/created/customer-created.event.ts
FN:8,CustomerCreatedEvent
FNF:1
FNH:1
FNDA:1,CustomerCreatedEvent
DA:1,1
DA:2,1
DA:3,1
DA:4,1
DA:5,1
DA:6,1
DA:7,1
DA:8,1
DA:9,1
DA:10,1
DA:11,1
DA:12,1
DA:13,1
LF:13
LH:13
BRDA:8,0,0,1
BRF:1
BRH:1
end_of_record
TN:
SF:src/domain/event/customer/created/handler/envia-console-log01.handler.ts
FN:5,handle
FNF:1
FNH:1
FNDA:1,handle
DA:1,1
DA:2,1
DA:3,1
DA:4,1
DA:5,1
DA:6,1
DA:7,1
DA:8,1
LF:8
LH:8
BRDA:5,0,0,1
BRF:1
BRH:1
end_of_record
TN:
SF:src/domain/event/customer/created/handler/envia-console-log02.handler.ts
FN:5,handle
FNF:1
FNH:1
FNDA:1,handle
DA:1,1
DA:2,1
DA:3,1
DA:4,1
DA:5,1
DA:6,1
DA:7,1
DA:8,1
LF:8
LH:8
BRDA:5,0,0,1
BRF:1
BRH:1
end_of_record
