TN:
SF:src/domain/entity/address.ts
FN:3,<instance_members_initializer>
FN:8,Address
FN:17,validate
FN:32,get street
FN:36,get number
FN:40,get zip
FN:44,get city
FN:48,toString
FNF:8
FNH:4
FNDA:2,<instance_members_initializer>
FNDA:2,Address
FNDA:2,validate
FNDA:0,get street
FNDA:0,get number
FNDA:0,get zip
FNDA:0,get city
FNDA:1,toString
DA:1,1
DA:2,1
DA:3,1
DA:4,2
DA:5,2
DA:6,1
DA:7,1
DA:8,1
DA:9,2
DA:10,2
DA:11,2
DA:12,2
DA:13,2
DA:14,2
DA:15,2
DA:16,1
DA:17,1
DA:18,2
DA:19,0
DA:20,0
DA:21,2
DA:22,0
DA:23,0
DA:24,2
DA:25,0
DA:26,0
DA:27,2
DA:28,0
DA:29,0
DA:30,2
DA:31,1
DA:32,1
DA:33,0
DA:34,0
DA:35,1
DA:36,1
DA:37,0
DA:38,0
DA:39,1
DA:40,1
DA:41,0
DA:42,0
DA:43,1
DA:44,1
DA:45,0
DA:46,0
DA:47,1
DA:48,1
DA:49,1
DA:50,1
DA:51,1
DA:52,1
LF:52
LH:36
BRDA:3,0,0,2
BRDA:8,1,0,2
BRDA:17,2,0,2
BRDA:18,3,0,0
BRDA:21,4,0,0
BRDA:24,5,0,0
BRDA:27,6,0,0
BRDA:48,7,0,1
BRF:8
BRH:4
end_of_record
TN:
SF:src/domain/entity/customer.ts
FN:8,<instance_members_initializer>
FN:11,Customer
FN:17,validate
FN:23,changeName
FN:28,activate
FN:35,deactivate
FN:39,set address
FN:43,get address
FN:47,get id
FN:51,get name
FN:55,isActive
FN:59,addRewardPoints
FN:63,get rewardPoints
FN:67,changeAddress
FNF:14
FNH:8
FNDA:1,<instance_members_initializer>
FNDA:1,Customer
FNDA:1,validate
FNDA:0,changeName
FNDA:0,activate
FNDA:0,deactivate
FNDA:1,set address
FNDA:2,get address
FNDA:1,get id
FNDA:1,get name
FNDA:0,isActive
FNDA:0,addRewardPoints
FNDA:0,get rewardPoints
FNDA:1,changeAddress
DA:1,1
DA:2,1
DA:3,1
DA:4,1
DA:5,1
DA:6,1
DA:7,1
DA:8,1
DA:9,1
DA:10,1
DA:11,1
DA:12,1
DA:13,1
DA:14,1
DA:15,1
DA:16,1
DA:17,1
DA:18,1
DA:19,0
DA:20,0
DA:21,1
DA:22,1
DA:23,1
DA:24,0
DA:25,0
DA:26,0
DA:27,1
DA:28,1
DA:29,0
DA:30,0
DA:31,0
DA:32,0
DA:33,0
DA:34,1
DA:35,1
DA:36,0
DA:37,0
DA:38,1
DA:39,1
DA:40,1
DA:41,1
DA:42,1
DA:43,1
DA:44,2
DA:45,2
DA:46,1
DA:47,1
DA:48,1
DA:49,1
DA:50,1
DA:51,1
DA:52,1
DA:53,1
DA:54,1
DA:55,1
DA:56,0
DA:57,0
DA:58,1
DA:59,1
DA:60,0
DA:61,0
DA:62,1
DA:63,1
DA:64,0
DA:65,0
DA:66,1
DA:67,1
DA:68,1
DA:69,1
DA:70,1
DA:71,1
LF:71
LH:53
BRDA:8,0,0,1
BRDA:11,1,0,1
BRDA:17,2,0,1
BRDA:18,3,0,0
BRDA:39,4,0,1
BRDA:43,5,0,2
BRDA:47,6,0,1
BRDA:51,7,0,1
BRDA:67,8,0,1
BRF:9
BRH:8
end_of_record
TN:
SF:src/domain/event/@shared/event-dispatcher.ts
FN:8,<instance_members_initializer>
FN:10,get getEventHandlers
FN:14,register
FN:24,unregister
FN:33,unregisterAll
FN:37,notify
FNF:6
FNH:6
FNDA:4,<instance_members_initializer>
FNDA:10,get getEventHandlers
FNDA:4,register
FNDA:1,unregister
FNDA:1,unregisterAll
FNDA:1,notify
DA:1,1
DA:2,1
DA:3,1
DA:4,1
DA:5,1
DA:6,1
DA:7,1
DA:8,1
DA:9,1
DA:10,1
DA:11,10
DA:12,10
DA:13,1
DA:14,1
DA:15,4
DA:16,4
DA:17,4
DA:18,4
DA:19,4
DA:20,4
DA:21,4
DA:22,4
DA:23,1
DA:24,1
DA:25,1
DA:26,1
DA:27,1
DA:28,1
DA:29,1
DA:30,1
DA:31,1
DA:32,1
DA:33,1
DA:34,1
DA:35,1
DA:36,1
DA:37,1
DA:38,1
DA:39,1
DA:40,1
DA:41,1
DA:42,1
DA:43,1
DA:44,1
DA:45,1
DA:46,1
DA:47,1
DA:48,1
DA:49,1
DA:50,1
LF:50
LH:50
BRDA:8,0,0,4
BRDA:10,1,0,10
BRDA:14,2,0,4
BRDA:24,3,0,1
BRDA:33,4,0,1
BRDA:37,5,0,1
BRDA:44,6,0,1
BRF:7
BRH:7
end_of_record
TN:
SF:src/domain/event/customer/change-address/customer-change-address.event.ts
FN:8,CustomerAddressEvent
FNF:1
FNH:1
FNDA:1,CustomerAddressEvent
DA:1,1
DA:2,1
DA:3,1
DA:4,1
DA:5,1
DA:6,1
DA:7,1
DA:8,1
DA:9,1
DA:10,1
DA:11,1
DA:12,1
DA:13,1
LF:13
LH:13
BRDA:8,0,0,1
BRF:1
BRH:1
end_of_record
TN:
SF:src/domain/event/customer/change-address/handler/envia-console-log.handler.ts
FN:5,handle
FNF:1
FNH:1
FNDA:1,handle
DA:1,1
DA:2,1
DA:3,1
DA:4,1
DA:5,1
DA:6,1
DA:7,1
DA:8,1
LF:8
LH:8
BRDA:5,0,0,1
BRF:1
BRH:1
end_of_record
